Performing C SOURCE FILE Test CMAKE_HAVE_LIBC_PTHREAD failed with the following output:
Change Dir: /home/zzz/ivrc/ivrc_lidar/smog_traversable_extraction/src/obstacle_detection/cmake-build-debug/CMakeFiles/CMakeTmp

Run Build Command(s):/usr/bin/make cmTC_d98f4/fast && /usr/bin/make  -f CMakeFiles/cmTC_d98f4.dir/build.make CMakeFiles/cmTC_d98f4.dir/build
make[1]: Entering directory '/home/zzz/ivrc/ivrc_lidar/smog_traversable_extraction/src/obstacle_detection/cmake-build-debug/CMakeFiles/CMakeTmp'
Building C object CMakeFiles/cmTC_d98f4.dir/src.c.o
/usr/bin/cc -DCMAKE_HAVE_LIBC_PTHREAD   -o CMakeFiles/cmTC_d98f4.dir/src.c.o -c /home/zzz/ivrc/ivrc_lidar/smog_traversable_extraction/src/obstacle_detection/cmake-build-debug/CMakeFiles/CMakeTmp/src.c
Linking C executable cmTC_d98f4
/home/zzz/software/clion-2021.1.3/bin/cmake/linux/bin/cmake -E cmake_link_script CMakeFiles/cmTC_d98f4.dir/link.txt --verbose=1
/usr/bin/cc -rdynamic CMakeFiles/cmTC_d98f4.dir/src.c.o -o cmTC_d98f4 
CMakeFiles/cmTC_d98f4.dir/src.c.o：在函数‘main’中：
src.c:(.text+0x3c)：对‘pthread_create’未定义的引用
src.c:(.text+0x48)：对‘pthread_detach’未定义的引用
src.c:(.text+0x54)：对‘pthread_cancel’未定义的引用
src.c:(.text+0x65)：对‘pthread_join’未定义的引用
src.c:(.text+0x79)：对‘pthread_atfork’未定义的引用
collect2: error: ld returned 1 exit status
CMakeFiles/cmTC_d98f4.dir/build.make:105: recipe for target 'cmTC_d98f4' failed
make[1]: *** [cmTC_d98f4] Error 1
make[1]: Leaving directory '/home/zzz/ivrc/ivrc_lidar/smog_traversable_extraction/src/obstacle_detection/cmake-build-debug/CMakeFiles/CMakeTmp'
Makefile:140: recipe for target 'cmTC_d98f4/fast' failed
make: *** [cmTC_d98f4/fast] Error 2


Source file was:
#include <pthread.h>

static void* test_func(void* data)
{
  return data;
}

int main(void)
{
  pthread_t thread;
  pthread_create(&thread, NULL, test_func, NULL);
  pthread_detach(thread);
  pthread_cancel(thread);
  pthread_join(thread, NULL);
  pthread_atfork(NULL, NULL, NULL);
  pthread_exit(NULL);

  return 0;
}

Determining if the function pthread_create exists in the pthreads failed with the following output:
Change Dir: /home/zzz/ivrc/ivrc_lidar/smog_traversable_extraction/src/obstacle_detection/cmake-build-debug/CMakeFiles/CMakeTmp

Run Build Command(s):/usr/bin/make cmTC_ab5ae/fast && /usr/bin/make  -f CMakeFiles/cmTC_ab5ae.dir/build.make CMakeFiles/cmTC_ab5ae.dir/build
make[1]: Entering directory '/home/zzz/ivrc/ivrc_lidar/smog_traversable_extraction/src/obstacle_detection/cmake-build-debug/CMakeFiles/CMakeTmp'
Building C object CMakeFiles/cmTC_ab5ae.dir/CheckFunctionExists.c.o
/usr/bin/cc   -DCHECK_FUNCTION_EXISTS=pthread_create -o CMakeFiles/cmTC_ab5ae.dir/CheckFunctionExists.c.o -c /home/zzz/software/clion-2021.1.3/bin/cmake/linux/share/cmake-3.19/Modules/CheckFunctionExists.c
Linking C executable cmTC_ab5ae
/home/zzz/software/clion-2021.1.3/bin/cmake/linux/bin/cmake -E cmake_link_script CMakeFiles/cmTC_ab5ae.dir/link.txt --verbose=1
/usr/bin/cc  -DCHECK_FUNCTION_EXISTS=pthread_create -rdynamic CMakeFiles/cmTC_ab5ae.dir/CheckFunctionExists.c.o -o cmTC_ab5ae  -lpthreads 
/usr/bin/ld: 找不到 -lpthreads
collect2: error: ld returned 1 exit status
CMakeFiles/cmTC_ab5ae.dir/build.make:105: recipe for target 'cmTC_ab5ae' failed
make[1]: *** [cmTC_ab5ae] Error 1
make[1]: Leaving directory '/home/zzz/ivrc/ivrc_lidar/smog_traversable_extraction/src/obstacle_detection/cmake-build-debug/CMakeFiles/CMakeTmp'
Makefile:140: recipe for target 'cmTC_ab5ae/fast' failed
make: *** [cmTC_ab5ae/fast] Error 2



