Determining if the pthread_create exist failed with the following output:
Change Dir: /home/zzz/ivrc/ivrc_lidar/smog_traversable_extraction/src/traversable_area_extraction/cmake-build-release-system/CMakeFiles/CMakeTmp

Run Build Command:"/usr/bin/make" "cmTC_ea610/fast"
/usr/bin/make -f CMakeFiles/cmTC_ea610.dir/build.make CMakeFiles/cmTC_ea610.dir/build
make[1]: Entering directory '/home/zzz/ivrc/ivrc_lidar/smog_traversable_extraction/src/traversable_area_extraction/cmake-build-release-system/CMakeFiles/CMakeTmp'
Building C object CMakeFiles/cmTC_ea610.dir/CheckSymbolExists.c.o
/usr/bin/cc     -o CMakeFiles/cmTC_ea610.dir/CheckSymbolExists.c.o   -c /home/zzz/ivrc/ivrc_lidar/smog_traversable_extraction/src/traversable_area_extraction/cmake-build-release-system/CMakeFiles/CMakeTmp/CheckSymbolExists.c
Linking C executable cmTC_ea610
/usr/bin/cmake -E cmake_link_script CMakeFiles/cmTC_ea610.dir/link.txt --verbose=1
/usr/bin/cc       CMakeFiles/cmTC_ea610.dir/CheckSymbolExists.c.o  -o cmTC_ea610 -rdynamic 
CMakeFiles/cmTC_ea610.dir/CheckSymbolExists.c.o：在函数‘main’中：
CheckSymbolExists.c:(.text+0x16)：对‘pthread_create’未定义的引用
collect2: error: ld returned 1 exit status
CMakeFiles/cmTC_ea610.dir/build.make:97: recipe for target 'cmTC_ea610' failed
make[1]: *** [cmTC_ea610] Error 1
make[1]: Leaving directory '/home/zzz/ivrc/ivrc_lidar/smog_traversable_extraction/src/traversable_area_extraction/cmake-build-release-system/CMakeFiles/CMakeTmp'
Makefile:126: recipe for target 'cmTC_ea610/fast' failed
make: *** [cmTC_ea610/fast] Error 2

File /home/zzz/ivrc/ivrc_lidar/smog_traversable_extraction/src/traversable_area_extraction/cmake-build-release-system/CMakeFiles/CMakeTmp/CheckSymbolExists.c:
/* */
#include <pthread.h>

int main(int argc, char** argv)
{
  (void)argv;
#ifndef pthread_create
  return ((int*)(&pthread_create))[argc];
#else
  (void)argc;
  return 0;
#endif
}

Determining if the function pthread_create exists in the pthreads failed with the following output:
Change Dir: /home/zzz/ivrc/ivrc_lidar/smog_traversable_extraction/src/traversable_area_extraction/cmake-build-release-system/CMakeFiles/CMakeTmp

Run Build Command:"/usr/bin/make" "cmTC_5a054/fast"
/usr/bin/make -f CMakeFiles/cmTC_5a054.dir/build.make CMakeFiles/cmTC_5a054.dir/build
make[1]: Entering directory '/home/zzz/ivrc/ivrc_lidar/smog_traversable_extraction/src/traversable_area_extraction/cmake-build-release-system/CMakeFiles/CMakeTmp'
Building C object CMakeFiles/cmTC_5a054.dir/CheckFunctionExists.c.o
/usr/bin/cc    -DCHECK_FUNCTION_EXISTS=pthread_create   -o CMakeFiles/cmTC_5a054.dir/CheckFunctionExists.c.o   -c /usr/share/cmake-3.5/Modules/CheckFunctionExists.c
Linking C executable cmTC_5a054
/usr/bin/cmake -E cmake_link_script CMakeFiles/cmTC_5a054.dir/link.txt --verbose=1
/usr/bin/cc   -DCHECK_FUNCTION_EXISTS=pthread_create    CMakeFiles/cmTC_5a054.dir/CheckFunctionExists.c.o  -o cmTC_5a054 -rdynamic -lpthreads 
/usr/bin/ld: 找不到 -lpthreads
collect2: error: ld returned 1 exit status
CMakeFiles/cmTC_5a054.dir/build.make:97: recipe for target 'cmTC_5a054' failed
make[1]: *** [cmTC_5a054] Error 1
make[1]: Leaving directory '/home/zzz/ivrc/ivrc_lidar/smog_traversable_extraction/src/traversable_area_extraction/cmake-build-release-system/CMakeFiles/CMakeTmp'
Makefile:126: recipe for target 'cmTC_5a054/fast' failed
make: *** [cmTC_5a054/fast] Error 2


